#       flow   flowType   src   dst            time         throughput

           2        cbr     6     1         1.01311                  0
           2        cbr     6     1         29.0458                  0
           2        cbr     6     1         30.0458           0.266377
           2        cbr     6     1         31.0469               1750
           2        cbr     6     1          32.048               1750
           2        cbr     6     1         33.0492               1750
           2        cbr     6     1         34.0503               1750
           2        cbr     6     1         35.0515               1750
           2        cbr     6     1         36.0526               1750
           2        cbr     6     1         37.0538               1750
           2        cbr     6     1         38.0549               1750
           2        cbr     6     1          39.056               1750
           2        cbr     6     1         40.0572               1750
           2        cbr     6     1         41.0583               1750
           2        cbr     6     1         42.0595               1750
           2        cbr     6     1         43.0606               1750
           2        cbr     6     1         44.0618               1750
           2        cbr     6     1         45.0622            1743.16
           2        cbr     6     1         46.0679             1614.8
           2        cbr     6     1         47.0725            1274.21
           2        cbr     6     1         48.0778            1225.49
           2        cbr     6     1         49.0835            1407.98
           2        cbr     6     1         50.0888            1225.49
           2        cbr     6     1         51.0953            1359.21
           2        cbr     6     1         52.0998            1274.21
           2        cbr     6     1         53.1051            1225.49
           2        cbr     6     1         54.1108            1407.98
           2        cbr     6     1         55.1161            1225.49
           2        cbr     6     1         56.1226            1359.21
           2        cbr     6     1         57.1271            1274.21
           2        cbr     6     1         58.1324            1225.49
           2        cbr     6     1         59.1381            1407.98


